Using pre-set license
Built from '2020.2/release' branch; Version is '2020.2.2f1 (068178b99f32) revision 426360'; Using compiler version '192528614'; Build Type 'Release'
OS: 'Windows 10 Enterprise Evaluation; OS build 19042.928; Version 2009; 64bit' Language: 'en' Physical Memory: 8191 MB
BatchMode: 1, IsHumanControllingUs: 0, StartBugReporterOnCrash: 0, Is64bit: 1, IsPro: 0

 COMMAND LINE ARGUMENTS:
C:\Program Files\Unity\Hub\Editor\2020.2.2f1\Editor\Unity.exe
-adb2
-batchMode
-noUpm
-name
AssetImportWorker0
-projectPath
Z:/CS444_project
-logFile
Logs/AssetImportWorker0.log
-srvPort
50421
Successfully changed project path to: Z:/CS444_project
Z:/CS444_project
Using Asset Import Pipeline V2.
Refreshing native plugins compatible for Editor in 149.23 ms, found 4 plugins.
Preloading 1 native plugins for Editor in 3.05 ms.
Initialize engine version: 2020.2.2f1 (068178b99f32)
[Subsystems] Discovering subsystems at path C:/Program Files/Unity/Hub/Editor/2020.2.2f1/Editor/Data/Resources/UnitySubsystems
[Subsystems] Discovering subsystems at path Z:/CS444_project/Assets
GfxDevice: creating device client; threaded=0
Direct3D:
    Version:  Direct3D 11.0 [level 11.1]
    Renderer: Microsoft Basic Render Driver (ID=0x8c)
    Vendor:   
    VRAM:     4095 MB
Shader 'Oculus/OVRMRCameraFrameLit': fallback shader 'Alpha-Diffuse' not found
Initialize mono
Mono path[0] = 'C:/Program Files/Unity/Hub/Editor/2020.2.2f1/Editor/Data/Managed'
Mono path[1] = 'C:/Program Files/Unity/Hub/Editor/2020.2.2f1/Editor/Data/MonoBleedingEdge/lib/mono/unityjit'
Mono config path = 'C:/Program Files/Unity/Hub/Editor/2020.2.2f1/Editor/Data/MonoBleedingEdge/etc'
Using monoOptions --debugger-agent=transport=dt_socket,embedding=1,server=y,suspend=n,address=127.0.0.1:56112
Begin MonoManager ReloadAssembly
Registering precompiled unity dll's ...
Register platform support module: C:/Program Files/Unity/Hub/Editor/2020.2.2f1/Editor/Data/PlaybackEngines/WindowsStandaloneSupport/UnityEditor.WindowsStandalone.Extensions.dll
Registered in 0.001938 seconds.
Native extension for WindowsStandalone target not found
Refreshing native plugins compatible for Editor in 83.64 ms, found 4 plugins.
Preloading 1 native plugins for Editor in 0.24 ms.
Invoked RoslynAnalysisRunner static constructor.
RoslynAnalysisRunner will not be running.
RoslynAnalysisRunner has terminated.
Mono: successfully reloaded assembly
- Completed reload, in  3.563 seconds
Platform modules already initialized, skipping
Registering precompiled user dll's ...
Registered in 0.023316 seconds.
Begin MonoManager ReloadAssembly
Native extension for WindowsStandalone target not found
Refreshing native plugins compatible for Editor in 0.74 ms, found 4 plugins.
Preloading 1 native plugins for Editor in 0.43 ms.
Invoked RoslynAnalysisRunner static constructor.
RoslynAnalysisRunner will not be running.
RoslynAnalysisRunner has terminated.
[XR] OculusXRPlugin: registering subsystems
[XR] Unable to register display lifecyle provider: [1]
[XR] Oculus Input lifecycle provider registered.
[XR] Unable to register input lifecyle provider: [1]
[XR] OVRP version 1.57.0
Mono: successfully reloaded assembly
- Completed reload, in  1.819 seconds
Platform modules already initialized, skipping
========================================================================
Worker process is ready to serve import requests
Shader 'Oculus/OVRMRCameraFrameLit': fallback shader 'Alpha-Diffuse' not found
Launched and connected shader compiler UnityShaderCompiler.exe after 0.05 seconds
Refreshing native plugins compatible for Editor in 0.92 ms, found 4 plugins.
Preloading 1 native plugins for Editor in 0.43 ms.
Unloading 1737 Unused Serialized files (Serialized files now loaded: 0)
System memory in use before: 98.9 MB.
System memory in use after: 99.0 MB.

Unloading 35 unused Assets to reduce memory usage. Loaded Objects now: 2173.
Total: 3.175800 ms (FindLiveObjects: 0.298400 ms CreateObjectMapping: 0.110700 ms MarkObjects: 2.552300 ms  DeleteObjects: 0.212100 ms)

========================================================================
Received Import Request.
  path: Assets/Scenes
  artifactKey: Guid(4e89ceed3600b004082a12db460a653a) Importer(815301076,1909f56bfc062723c751e8b465ee728b)
Start importing Assets/Scenes using Guid(4e89ceed3600b004082a12db460a653a) Importer(815301076,1909f56bfc062723c751e8b465ee728b)  -> (artifact id: '101685a4569ca9916c92d3d4a125726e') in 0.025026 seconds
  Import took 0.031767 seconds .

========================================================================
Received Import Request.
  Time since last request: 3.883609 seconds.
  path: Assets/Resources/OVRBuildConfig.asset
  artifactKey: Guid(514884941ff254b4798e3146686b40bb) Importer(815301076,1909f56bfc062723c751e8b465ee728b)
Start importing Assets/Resources/OVRBuildConfig.asset using Guid(514884941ff254b4798e3146686b40bb) Importer(815301076,1909f56bfc062723c751e8b465ee728b)  -> (artifact id: '551492cc5a1399591c6b3de4d3322a0e') in 0.063193 seconds
  Import took 0.071279 seconds .

========================================================================
Received Import Request.
  Time since last request: 0.001038 seconds.
  path: Assets/Resources/OVRPlatformToolSettings.asset
  artifactKey: Guid(34fecab579ecb6549a9c39a197dbc3e0) Importer(815301076,1909f56bfc062723c751e8b465ee728b)
Start importing Assets/Resources/OVRPlatformToolSettings.asset using Guid(34fecab579ecb6549a9c39a197dbc3e0) Importer(815301076,1909f56bfc062723c751e8b465ee728b)  -> (artifact id: 'f36c2effb09a2e960136715cb1eb4dcc') in 0.147640 seconds
  Import took 0.173091 seconds .

========================================================================
Received Import Request.
  Time since last request: 0.001430 seconds.
  path: Assets/Resources/OVRBuildConfig.asset
  artifactKey: Guid(514884941ff254b4798e3146686b40bb) Importer(815301076,1909f56bfc062723c751e8b465ee728b)
Start importing Assets/Resources/OVRBuildConfig.asset using Guid(514884941ff254b4798e3146686b40bb) Importer(815301076,1909f56bfc062723c751e8b465ee728b)  -> (artifact id: '551492cc5a1399591c6b3de4d3322a0e') in 0.011997 seconds
  Import took 0.051022 seconds .

========================================================================
Received Import Request.
  Time since last request: 4183.976568 seconds.
  path: Assets/Scenes/SampleScene.unity
  artifactKey: Guid(9fc0d4010bbf28b4594072e72b8655ab) Importer(815301076,1909f56bfc062723c751e8b465ee728b)
Start importing Assets/Scenes/SampleScene.unity using Guid(9fc0d4010bbf28b4594072e72b8655ab) Importer(815301076,1909f56bfc062723c751e8b465ee728b)  -> (artifact id: '9f16c19728d9955600468ab374956f6d') in 0.147567 seconds
  Import took 0.168277 seconds .

========================================================================
Received Import Request.
  Time since last request: 26.020927 seconds.
  path: Assets/Scenes/Knife.obj
  artifactKey: Guid(794e0bb5e29e9ed448b5462c2809b6f1) Importer(815301076,1909f56bfc062723c751e8b465ee728b)
Start importing Assets/Scenes/Knife.obj using Guid(794e0bb5e29e9ed448b5462c2809b6f1) Importer(815301076,1909f56bfc062723c751e8b465ee728b)  -> (artifact id: 'a6c02255cb8c91cf1cf08a7c952a9e55') in 0.340551 seconds
  Import took 0.347134 seconds .

========================================================================
Received Import Request.
  Time since last request: 10.660505 seconds.
  path: Assets/Scenes/Knife_Texture.psd
  artifactKey: Guid(4737d3eaf21ea1441b3ac61542805abc) Importer(815301076,1909f56bfc062723c751e8b465ee728b)
Start importing Assets/Scenes/Knife_Texture.psd using Guid(4737d3eaf21ea1441b3ac61542805abc) Importer(815301076,1909f56bfc062723c751e8b465ee728b)  -> (artifact id: 'cc5dc3330b393d6f37b8deea75755ccf') in 0.181791 seconds
  Import took 0.188544 seconds .

========================================================================
Received Prepare
Shader 'Oculus/OVRMRCameraFrameLit': fallback shader 'Alpha-Diffuse' not found
Refreshing native plugins compatible for Editor in 48.34 ms, found 4 plugins.
Preloading 1 native plugins for Editor in 0.19 ms.
Unloading 27 Unused Serialized files (Serialized files now loaded: 0)
System memory in use before: 66.6 MB.
System memory in use after: 66.6 MB.

Unloading 27 unused Assets to reduce memory usage. Loaded Objects now: 2217.
Total: 3.961900 ms (FindLiveObjects: 0.424100 ms CreateObjectMapping: 0.158900 ms MarkObjects: 3.239900 ms  DeleteObjects: 0.136300 ms)

========================================================================
Received Prepare
Shader 'Oculus/OVRMRCameraFrameLit': fallback shader 'Alpha-Diffuse' not found
Refreshing native plugins compatible for Editor in 65.78 ms, found 4 plugins.
Preloading 1 native plugins for Editor in 0.24 ms.
Unloading 27 Unused Serialized files (Serialized files now loaded: 0)
System memory in use before: 67.1 MB.
System memory in use after: 67.2 MB.

Unloading 27 unused Assets to reduce memory usage. Loaded Objects now: 2217.
Total: 6.086200 ms (FindLiveObjects: 0.465900 ms CreateObjectMapping: 0.247600 ms MarkObjects: 5.159800 ms  DeleteObjects: 0.209400 ms)

