Using pre-set license
Built from '2020.2/release' branch; Version is '2020.2.2f1 (068178b99f32) revision 426360'; Using compiler version '192528614'; Build Type 'Release'
OS: 'Windows 10 Enterprise Evaluation; OS build 19042.928; Version 2009; 64bit' Language: 'en' Physical Memory: 8191 MB
BatchMode: 1, IsHumanControllingUs: 0, StartBugReporterOnCrash: 0, Is64bit: 1, IsPro: 0

 COMMAND LINE ARGUMENTS:
C:\Program Files\Unity\Hub\Editor\2020.2.2f1\Editor\Unity.exe
-adb2
-batchMode
-noUpm
-name
AssetImportWorker0
-projectPath
Z:/CS444_project
-logFile
Logs/AssetImportWorker0.log
-srvPort
49996
Successfully changed project path to: Z:/CS444_project
Z:/CS444_project
Using Asset Import Pipeline V2.
Refreshing native plugins compatible for Editor in 140.96 ms, found 4 plugins.
Preloading 1 native plugins for Editor in 2.67 ms.
Initialize engine version: 2020.2.2f1 (068178b99f32)
[Subsystems] Discovering subsystems at path C:/Program Files/Unity/Hub/Editor/2020.2.2f1/Editor/Data/Resources/UnitySubsystems
[Subsystems] Discovering subsystems at path Z:/CS444_project/Assets
GfxDevice: creating device client; threaded=0
Direct3D:
    Version:  Direct3D 11.0 [level 11.1]
    Renderer: Microsoft Basic Render Driver (ID=0x8c)
    Vendor:   
    VRAM:     4095 MB
Shader 'Oculus/OVRMRCameraFrameLit': fallback shader 'Alpha-Diffuse' not found
Initialize mono
Mono path[0] = 'C:/Program Files/Unity/Hub/Editor/2020.2.2f1/Editor/Data/Managed'
Mono path[1] = 'C:/Program Files/Unity/Hub/Editor/2020.2.2f1/Editor/Data/MonoBleedingEdge/lib/mono/unityjit'
Mono config path = 'C:/Program Files/Unity/Hub/Editor/2020.2.2f1/Editor/Data/MonoBleedingEdge/etc'
Using monoOptions --debugger-agent=transport=dt_socket,embedding=1,server=y,suspend=n,address=127.0.0.1:56848
Begin MonoManager ReloadAssembly
Registering precompiled unity dll's ...
Register platform support module: C:/Program Files/Unity/Hub/Editor/2020.2.2f1/Editor/Data/PlaybackEngines/WindowsStandaloneSupport/UnityEditor.WindowsStandalone.Extensions.dll
Registered in 0.002169 seconds.
Native extension for WindowsStandalone target not found
Refreshing native plugins compatible for Editor in 62.90 ms, found 4 plugins.
Preloading 1 native plugins for Editor in 0.49 ms.
Invoked RoslynAnalysisRunner static constructor.
RoslynAnalysisRunner will not be running.
RoslynAnalysisRunner has terminated.
Mono: successfully reloaded assembly
- Completed reload, in  1.810 seconds
Platform modules already initialized, skipping
Registering precompiled user dll's ...
Registered in 0.020611 seconds.
Begin MonoManager ReloadAssembly
Native extension for WindowsStandalone target not found
Refreshing native plugins compatible for Editor in 0.76 ms, found 4 plugins.
Preloading 1 native plugins for Editor in 0.34 ms.
Invoked RoslynAnalysisRunner static constructor.
RoslynAnalysisRunner will not be running.
RoslynAnalysisRunner has terminated.
[XR] OculusXRPlugin: registering subsystems
[XR] Unable to register display lifecyle provider: [1]
[XR] Oculus Input lifecycle provider registered.
[XR] Unable to register input lifecyle provider: [1]
[XR] OVRP version 1.57.0
Mono: successfully reloaded assembly
- Completed reload, in  1.545 seconds
Platform modules already initialized, skipping
========================================================================
Worker process is ready to serve import requests
Shader 'Oculus/OVRMRCameraFrameLit': fallback shader 'Alpha-Diffuse' not found
Launched and connected shader compiler UnityShaderCompiler.exe after 0.06 seconds
Refreshing native plugins compatible for Editor in 0.67 ms, found 4 plugins.
Preloading 1 native plugins for Editor in 0.19 ms.
Unloading 1738 Unused Serialized files (Serialized files now loaded: 0)
System memory in use before: 98.9 MB.
System memory in use after: 99.0 MB.

Unloading 35 unused Assets to reduce memory usage. Loaded Objects now: 2174.
Total: 2.487600 ms (FindLiveObjects: 0.231300 ms CreateObjectMapping: 0.078200 ms MarkObjects: 2.051400 ms  DeleteObjects: 0.125500 ms)

========================================================================
Received Import Request.
  path: Assets/New Material.mat
  artifactKey: Guid(197901f317265e341a268361a647f388) Importer(815301076,1909f56bfc062723c751e8b465ee728b)
Start importing Assets/New Material.mat using Guid(197901f317265e341a268361a647f388) Importer(815301076,1909f56bfc062723c751e8b465ee728b)  -> (artifact id: '3b22c1df8cb36d1dd20afe7cde39a461') in 0.122592 seconds
  Import took 0.127342 seconds .

========================================================================
Received Import Request.
  Time since last request: 120.088683 seconds.
  path: Assets/New Material.mat
  artifactKey: Guid(b994194d158a7e54e9954a62620ed198) Importer(815301076,1909f56bfc062723c751e8b465ee728b)
Start importing Assets/New Material.mat using Guid(b994194d158a7e54e9954a62620ed198) Importer(815301076,1909f56bfc062723c751e8b465ee728b)  -> (artifact id: '7cdff5c954242eecb46e4ab50cffdc8c') in 0.059998 seconds
  Import took 0.108488 seconds .

========================================================================
Received Import Request.
  Time since last request: 34.505638 seconds.
  path: Assets/New Material.mat
  artifactKey: Guid(2486db5e799c5904982b8f3644d5ae47) Importer(815301076,1909f56bfc062723c751e8b465ee728b)
Start importing Assets/New Material.mat using Guid(2486db5e799c5904982b8f3644d5ae47) Importer(815301076,1909f56bfc062723c751e8b465ee728b)  -> (artifact id: '0af50b8fffa48c2686d0939396ad4b46') in 0.109015 seconds
  Import took 0.145107 seconds .

========================================================================
Received Import Request.
  Time since last request: 222.680652 seconds.
  path: Assets/MainPlayerController.cs
  artifactKey: Guid(d6d4b486b49abbb4c9f0c742a42fb477) Importer(815301076,1909f56bfc062723c751e8b465ee728b)
Start importing Assets/MainPlayerController.cs using Guid(d6d4b486b49abbb4c9f0c742a42fb477) Importer(815301076,1909f56bfc062723c751e8b465ee728b)  -> (artifact id: '5b6b188121b794bb9a97ad7eefa3fa4d') in 0.031864 seconds
  Import took 0.131222 seconds .

========================================================================
Received Import Request.
  Time since last request: 0.021140 seconds.
  path: Assets/MainPlayerController.cs
  artifactKey: Guid(d6d4b486b49abbb4c9f0c742a42fb477) Importer(815301076,1909f56bfc062723c751e8b465ee728b)
Start importing Assets/MainPlayerController.cs using Guid(d6d4b486b49abbb4c9f0c742a42fb477) Importer(815301076,1909f56bfc062723c751e8b465ee728b)  -> (artifact id: '5b6b188121b794bb9a97ad7eefa3fa4d') in 0.050982 seconds
  Import took 0.146403 seconds .

========================================================================
Received Prepare
Registering precompiled user dll's ...
Registered in 0.024157 seconds.
Begin MonoManager ReloadAssembly
Native extension for WindowsStandalone target not found
Refreshing native plugins compatible for Editor in 0.77 ms, found 4 plugins.
Preloading 1 native plugins for Editor in 0.44 ms.
Invoked RoslynAnalysisRunner static constructor.
RoslynAnalysisRunner will not be running.
RoslynAnalysisRunner has terminated.
Mono: successfully reloaded assembly
- Completed reload, in  1.104 seconds
Platform modules already initialized, skipping
Switching build target platform(5) subTarget(0) extendedPlatform(0) -> platform(13) subTarget(524288) extendedPlatform(0)
Shader 'Oculus/OVRMRCameraFrameLit': fallback shader 'Alpha-Diffuse' not found
Refreshing native plugins compatible for Editor in 33.73 ms, found 4 plugins.
Preloading 1 native plugins for Editor in 3.00 ms.
Unloading 1680 Unused Serialized files (Serialized files now loaded: 0)
System memory in use before: 97.0 MB.
System memory in use after: 97.1 MB.

Unloading 30 unused Assets to reduce memory usage. Loaded Objects now: 2218.
Total: 3.792500 ms (FindLiveObjects: 1.216600 ms CreateObjectMapping: 0.227900 ms MarkObjects: 2.194700 ms  DeleteObjects: 0.151100 ms)

AssetImportParameters requested are different than current active one (requested -> active):
  custom:graphics/normal-map-encoding: 01000000000000000000000000000000 -> 02000000000000000000000000000000
========================================================================
Received Import Request.
  Time since last request: 30.477639 seconds.
  path: Assets/MainPlayerController.cs
  artifactKey: Guid(d6d4b486b49abbb4c9f0c742a42fb477) Importer(815301076,1909f56bfc062723c751e8b465ee728b)
Start importing Assets/MainPlayerController.cs using Guid(d6d4b486b49abbb4c9f0c742a42fb477) Importer(815301076,1909f56bfc062723c751e8b465ee728b)  -> (artifact id: 'a04e5bb488d4d258328cdc588b8adb0f') in 0.011989 seconds
  Import took 0.018271 seconds .

========================================================================
Received Prepare
Shader 'Oculus/OVRMRCameraFrameLit': fallback shader 'Alpha-Diffuse' not found
Refreshing native plugins compatible for Editor in 46.32 ms, found 4 plugins.
Preloading 1 native plugins for Editor in 0.26 ms.
Unloading 27 Unused Serialized files (Serialized files now loaded: 0)
System memory in use before: 66.1 MB.
System memory in use after: 66.2 MB.

Unloading 27 unused Assets to reduce memory usage. Loaded Objects now: 2218.
Total: 3.596900 ms (FindLiveObjects: 0.368900 ms CreateObjectMapping: 0.110200 ms MarkObjects: 3.020500 ms  DeleteObjects: 0.094400 ms)

========================================================================
Received Import Request.
  Time since last request: 303.735575 seconds.
  path: Assets/blue.mat
  artifactKey: Guid(197901f317265e341a268361a647f388) Importer(815301076,1909f56bfc062723c751e8b465ee728b)
Start importing Assets/blue.mat using Guid(197901f317265e341a268361a647f388) Importer(815301076,1909f56bfc062723c751e8b465ee728b)  -> (artifact id: '9d18db9cc1d170053d0764083a695ae2') in 0.125611 seconds
  Import took 0.134126 seconds .

========================================================================
Received Import Request.
  Time since last request: 0.001234 seconds.
  path: Assets/red.mat
  artifactKey: Guid(b994194d158a7e54e9954a62620ed198) Importer(815301076,1909f56bfc062723c751e8b465ee728b)
Start importing Assets/red.mat using Guid(b994194d158a7e54e9954a62620ed198) Importer(815301076,1909f56bfc062723c751e8b465ee728b)  -> (artifact id: '9cce868fcf5a37dcf4048498376cf960') in 0.020323 seconds
  Import took 0.024999 seconds .

========================================================================
Received Import Request.
  Time since last request: 0.001062 seconds.
  path: Assets/green.mat
  artifactKey: Guid(2486db5e799c5904982b8f3644d5ae47) Importer(815301076,1909f56bfc062723c751e8b465ee728b)
Start importing Assets/green.mat using Guid(2486db5e799c5904982b8f3644d5ae47) Importer(815301076,1909f56bfc062723c751e8b465ee728b)  -> (artifact id: 'c8ad34566ca51b3341fe90937875c425') in 0.022117 seconds
  Import took 0.027413 seconds .

========================================================================
Received Import Request.
  Time since last request: 0.370057 seconds.
  path: Assets/blue.mat
  artifactKey: Guid(197901f317265e341a268361a647f388) Importer(815301076,1909f56bfc062723c751e8b465ee728b)
Start importing Assets/blue.mat using Guid(197901f317265e341a268361a647f388) Importer(815301076,1909f56bfc062723c751e8b465ee728b)  -> (artifact id: '9d18db9cc1d170053d0764083a695ae2') in 0.062055 seconds
  Import took 0.083015 seconds .

========================================================================
Received Prepare
Shader 'Oculus/OVRMRCameraFrameLit': fallback shader 'Alpha-Diffuse' not found
Refreshing native plugins compatible for Editor in 42.80 ms, found 4 plugins.
Preloading 1 native plugins for Editor in 0.20 ms.
Unloading 27 Unused Serialized files (Serialized files now loaded: 0)
System memory in use before: 66.8 MB.
System memory in use after: 66.9 MB.

Unloading 27 unused Assets to reduce memory usage. Loaded Objects now: 2219.
Total: 4.025900 ms (FindLiveObjects: 0.483000 ms CreateObjectMapping: 0.176200 ms MarkObjects: 3.252300 ms  DeleteObjects: 0.111800 ms)

========================================================================
Received Import Request.
  Time since last request: 11163.381615 seconds.
  path: Assets/ObjectAnchor.cs
  artifactKey: Guid(b002ee70b73e65645919de8669799ea7) Importer(815301076,1909f56bfc062723c751e8b465ee728b)
Start importing Assets/ObjectAnchor.cs using Guid(b002ee70b73e65645919de8669799ea7) Importer(815301076,1909f56bfc062723c751e8b465ee728b)  -> (artifact id: 'db812bf4ab63fdf0383f2fffc777d24e') in 0.013584 seconds
  Import took 0.024645 seconds .

========================================================================
Received Import Request.
  Time since last request: 0.362053 seconds.
  path: Assets/ObjectAnchor.cs
  artifactKey: Guid(b002ee70b73e65645919de8669799ea7) Importer(815301076,1909f56bfc062723c751e8b465ee728b)
Start importing Assets/ObjectAnchor.cs using Guid(b002ee70b73e65645919de8669799ea7) Importer(815301076,1909f56bfc062723c751e8b465ee728b)  -> (artifact id: 'db812bf4ab63fdf0383f2fffc777d24e') in 0.019772 seconds
  Import took 0.029201 seconds .

